<?xml version="1.0" encoding="UTF-8"?>
<!-- Generated by org.testng.reporters.JUnitXMLReporter -->
<testsuite ignored="0" hostname="SarahHasan" failures="0" tests="4" name="Default test" time="1.685" errors="0" timestamp="2024-07-29T17:19:33 EET">
  <testcase classname="Book.BookStoreTest" name="testAddBookToCart" time="0.103"/>
  <testcase classname="Book.BookStoreTest" name="testBookListDisplayedCorrectly" time="0.006"/>
  <testcase classname="Book.BookStoreTest" name="testCartUpdatesCorrectlyWhenBookAdded" time="0.029"/>
  <testcase classname="Book.BookStoreTest" name="testUserProceedToCheckout" time="0.03"/>
</testsuite> <!-- Default test -->
