<?xml version="1.0" encoding="UTF-8"?>
<testng-results ignored="0" total="4" passed="4" failed="0" skipped="0">
  <reporter-output>
  </reporter-output>
  <suite started-at="2024-07-29T17:19:32 EET" name="Default suite" finished-at="2024-07-29T17:19:33 EET" duration-ms="1685">
    <groups>
    </groups>
    <test started-at="2024-07-29T17:19:32 EET" name="Default test" finished-at="2024-07-29T17:19:33 EET" duration-ms="1685">
      <class name="Book.BookStoreTest">
        <test-method is-config="true" signature="setUp()[pri:0, instance:Book.BookStoreTest@71a8adcf]" started-at="2024-07-29T17:19:32 EET" name="setUp" finished-at="2024-07-29T17:19:33 EET" duration-ms="1443" status="PASS">
          <reporter-output>
          </reporter-output>
        </test-method> <!-- setUp -->
        <test-method signature="testAddBookToCart()[pri:0, instance:Book.BookStoreTest@71a8adcf]" started-at="2024-07-29T17:19:33 EET" name="testAddBookToCart" finished-at="2024-07-29T17:19:33 EET" duration-ms="103" status="PASS">
          <reporter-output>
          </reporter-output>
        </test-method> <!-- testAddBookToCart -->
        <test-method signature="testBookListDisplayedCorrectly()[pri:0, instance:Book.BookStoreTest@71a8adcf]" started-at="2024-07-29T17:19:33 EET" name="testBookListDisplayedCorrectly" finished-at="2024-07-29T17:19:33 EET" duration-ms="6" status="PASS">
          <reporter-output>
          </reporter-output>
        </test-method> <!-- testBookListDisplayedCorrectly -->
        <test-method signature="testCartUpdatesCorrectlyWhenBookAdded()[pri:0, instance:Book.BookStoreTest@71a8adcf]" started-at="2024-07-29T17:19:33 EET" name="testCartUpdatesCorrectlyWhenBookAdded" finished-at="2024-07-29T17:19:33 EET" duration-ms="29" status="PASS">
          <reporter-output>
          </reporter-output>
        </test-method> <!-- testCartUpdatesCorrectlyWhenBookAdded -->
        <test-method signature="testUserProceedToCheckout()[pri:0, instance:Book.BookStoreTest@71a8adcf]" started-at="2024-07-29T17:19:33 EET" name="testUserProceedToCheckout" finished-at="2024-07-29T17:19:33 EET" duration-ms="30" status="PASS">
          <reporter-output>
          </reporter-output>
        </test-method> <!-- testUserProceedToCheckout -->
        <test-method is-config="true" signature="tearDown()[pri:0, instance:Book.BookStoreTest@71a8adcf]" started-at="2024-07-29T17:19:33 EET" name="tearDown" finished-at="2024-07-29T17:19:33 EET" duration-ms="3" status="PASS">
          <reporter-output>
          </reporter-output>
        </test-method> <!-- tearDown -->
      </class> <!-- Book.BookStoreTest -->
    </test> <!-- Default test -->
  </suite> <!-- Default suite -->
</testng-results>
